<?xml version="1.0" encoding="UTF-8"?>
<testsuite xmlns:xsi="http://www.w3.org/2001/XMLSchema-instance" xsi:noNamespaceSchemaLocation="https://maven.apache.org/surefire/maven-surefire-plugin/xsd/surefire-test-report.xsd" name="TestSuite" time="16.846" tests="23" errors="0" skipped="0" failures="0">
  <properties>
    <property name="sun.desktop" value="gnome"/>
    <property name="awt.toolkit" value="sun.awt.X11.XToolkit"/>
    <property name="file.encoding.pkg" value="sun.io"/>
    <property name="java.specification.version" value="1.8"/>
    <property name="sun.cpu.isalist" value=""/>
    <property name="sun.jnu.encoding" value="UTF-8"/>
    <property name="java.class.path" value="/home/dastan/eclipse-workspace/TestNGProject/target/test-classes:/home/dastan/eclipse-workspace/TestNGProject/target/classes:/home/dastan/.m2/repository/org/testng/testng/7.4.0/testng-7.4.0.jar:/home/dastan/.m2/repository/org/webjars/jquery/3.5.1/jquery-3.5.1.jar:/home/dastan/.m2/repository/org/seleniumhq/selenium/selenium-java/3.141.59/selenium-java-3.141.59.jar:/home/dastan/.m2/repository/org/seleniumhq/selenium/selenium-api/3.141.59/selenium-api-3.141.59.jar:/home/dastan/.m2/repository/org/seleniumhq/selenium/selenium-chrome-driver/3.141.59/selenium-chrome-driver-3.141.59.jar:/home/dastan/.m2/repository/org/seleniumhq/selenium/selenium-edge-driver/3.141.59/selenium-edge-driver-3.141.59.jar:/home/dastan/.m2/repository/org/seleniumhq/selenium/selenium-firefox-driver/3.141.59/selenium-firefox-driver-3.141.59.jar:/home/dastan/.m2/repository/org/seleniumhq/selenium/selenium-ie-driver/3.141.59/selenium-ie-driver-3.141.59.jar:/home/dastan/.m2/repository/org/seleniumhq/selenium/selenium-opera-driver/3.141.59/selenium-opera-driver-3.141.59.jar:/home/dastan/.m2/repository/org/seleniumhq/selenium/selenium-remote-driver/3.141.59/selenium-remote-driver-3.141.59.jar:/home/dastan/.m2/repository/org/seleniumhq/selenium/selenium-safari-driver/3.141.59/selenium-safari-driver-3.141.59.jar:/home/dastan/.m2/repository/org/seleniumhq/selenium/selenium-support/3.141.59/selenium-support-3.141.59.jar:/home/dastan/.m2/repository/net/bytebuddy/byte-buddy/1.8.15/byte-buddy-1.8.15.jar:/home/dastan/.m2/repository/org/apache/commons/commons-exec/1.3/commons-exec-1.3.jar:/home/dastan/.m2/repository/com/google/guava/guava/25.0-jre/guava-25.0-jre.jar:/home/dastan/.m2/repository/com/google/code/findbugs/jsr305/1.3.9/jsr305-1.3.9.jar:/home/dastan/.m2/repository/org/checkerframework/checker-compat-qual/2.0.0/checker-compat-qual-2.0.0.jar:/home/dastan/.m2/repository/com/google/errorprone/error_prone_annotations/2.1.3/error_prone_annotations-2.1.3.jar:/home/dastan/.m2/repository/com/google/j2objc/j2objc-annotations/1.1/j2objc-annotations-1.1.jar:/home/dastan/.m2/repository/org/codehaus/mojo/animal-sniffer-annotations/1.14/animal-sniffer-annotations-1.14.jar:/home/dastan/.m2/repository/com/squareup/okhttp3/okhttp/3.11.0/okhttp-3.11.0.jar:/home/dastan/.m2/repository/com/squareup/okio/okio/1.14.0/okio-1.14.0.jar:/home/dastan/.m2/repository/io/github/bonigarcia/webdrivermanager/4.4.1/webdrivermanager-4.4.1.jar:/home/dastan/.m2/repository/org/slf4j/slf4j-api/1.7.30/slf4j-api-1.7.30.jar:/home/dastan/.m2/repository/commons-io/commons-io/2.8.0/commons-io-2.8.0.jar:/home/dastan/.m2/repository/com/google/code/gson/gson/2.8.6/gson-2.8.6.jar:/home/dastan/.m2/repository/org/apache/commons/commons-lang3/3.12.0/commons-lang3-3.12.0.jar:/home/dastan/.m2/repository/org/apache/httpcomponents/client5/httpclient5/5.0.3/httpclient5-5.0.3.jar:/home/dastan/.m2/repository/org/apache/httpcomponents/core5/httpcore5/5.0.2/httpcore5-5.0.2.jar:/home/dastan/.m2/repository/org/apache/httpcomponents/core5/httpcore5-h2/5.0.2/httpcore5-h2-5.0.2.jar:/home/dastan/.m2/repository/commons-codec/commons-codec/1.13/commons-codec-1.13.jar:/home/dastan/.m2/repository/org/rauschig/jarchivelib/1.1.0/jarchivelib-1.1.0.jar:/home/dastan/.m2/repository/org/apache/commons/commons-compress/1.20/commons-compress-1.20.jar:/home/dastan/.m2/repository/org/jsoup/jsoup/1.13.1/jsoup-1.13.1.jar:/home/dastan/.m2/repository/com/beust/jcommander/1.81/jcommander-1.81.jar:/home/dastan/.m2/repository/org/webjars/bower/jquery/3.5.1/jquery-3.5.1.jar:/home/dastan/.m2/repository/org/apache/maven/surefire/surefire-testng-utils/2.22.0/surefire-testng-utils-2.22.0.jar:/home/dastan/.m2/repository/org/apache/maven/surefire/surefire-grouper/2.22.0/surefire-grouper-2.22.0.jar:"/>
    <property name="java.vm.vendor" value="Oracle Corporation"/>
    <property name="sun.arch.data.model" value="64"/>
    <property name="java.vendor.url" value="http://java.oracle.com/"/>
    <property name="user.timezone" value=""/>
    <property name="java.vm.specification.version" value="1.8"/>
    <property name="os.name" value="Linux"/>
    <property name="user.country" value="US"/>
    <property name="sun.java.launcher" value="SUN_STANDARD"/>
    <property name="sun.boot.library.path" value="/home/dastan/.jenkins/tools/hudson.model.JDK/jre/lib/amd64"/>
    <property name="sun.java.command" value="/home/dastan/eclipse-workspace/TestNGProject/target/surefire/surefirebooter2761291186324835400.jar /home/dastan/eclipse-workspace/TestNGProject/target/surefire 2022-05-20T16-19-26_346-jvmRun1 surefire1589139159299105241tmp surefire_06967076448922953681tmp"/>
    <property name="surefire.test.class.path" value="/home/dastan/eclipse-workspace/TestNGProject/target/test-classes:/home/dastan/eclipse-workspace/TestNGProject/target/classes:/home/dastan/.m2/repository/org/testng/testng/7.4.0/testng-7.4.0.jar:/home/dastan/.m2/repository/org/webjars/jquery/3.5.1/jquery-3.5.1.jar:/home/dastan/.m2/repository/org/seleniumhq/selenium/selenium-java/3.141.59/selenium-java-3.141.59.jar:/home/dastan/.m2/repository/org/seleniumhq/selenium/selenium-api/3.141.59/selenium-api-3.141.59.jar:/home/dastan/.m2/repository/org/seleniumhq/selenium/selenium-chrome-driver/3.141.59/selenium-chrome-driver-3.141.59.jar:/home/dastan/.m2/repository/org/seleniumhq/selenium/selenium-edge-driver/3.141.59/selenium-edge-driver-3.141.59.jar:/home/dastan/.m2/repository/org/seleniumhq/selenium/selenium-firefox-driver/3.141.59/selenium-firefox-driver-3.141.59.jar:/home/dastan/.m2/repository/org/seleniumhq/selenium/selenium-ie-driver/3.141.59/selenium-ie-driver-3.141.59.jar:/home/dastan/.m2/repository/org/seleniumhq/selenium/selenium-opera-driver/3.141.59/selenium-opera-driver-3.141.59.jar:/home/dastan/.m2/repository/org/seleniumhq/selenium/selenium-remote-driver/3.141.59/selenium-remote-driver-3.141.59.jar:/home/dastan/.m2/repository/org/seleniumhq/selenium/selenium-safari-driver/3.141.59/selenium-safari-driver-3.141.59.jar:/home/dastan/.m2/repository/org/seleniumhq/selenium/selenium-support/3.141.59/selenium-support-3.141.59.jar:/home/dastan/.m2/repository/net/bytebuddy/byte-buddy/1.8.15/byte-buddy-1.8.15.jar:/home/dastan/.m2/repository/org/apache/commons/commons-exec/1.3/commons-exec-1.3.jar:/home/dastan/.m2/repository/com/google/guava/guava/25.0-jre/guava-25.0-jre.jar:/home/dastan/.m2/repository/com/google/code/findbugs/jsr305/1.3.9/jsr305-1.3.9.jar:/home/dastan/.m2/repository/org/checkerframework/checker-compat-qual/2.0.0/checker-compat-qual-2.0.0.jar:/home/dastan/.m2/repository/com/google/errorprone/error_prone_annotations/2.1.3/error_prone_annotations-2.1.3.jar:/home/dastan/.m2/repository/com/google/j2objc/j2objc-annotations/1.1/j2objc-annotations-1.1.jar:/home/dastan/.m2/repository/org/codehaus/mojo/animal-sniffer-annotations/1.14/animal-sniffer-annotations-1.14.jar:/home/dastan/.m2/repository/com/squareup/okhttp3/okhttp/3.11.0/okhttp-3.11.0.jar:/home/dastan/.m2/repository/com/squareup/okio/okio/1.14.0/okio-1.14.0.jar:/home/dastan/.m2/repository/io/github/bonigarcia/webdrivermanager/4.4.1/webdrivermanager-4.4.1.jar:/home/dastan/.m2/repository/org/slf4j/slf4j-api/1.7.30/slf4j-api-1.7.30.jar:/home/dastan/.m2/repository/commons-io/commons-io/2.8.0/commons-io-2.8.0.jar:/home/dastan/.m2/repository/com/google/code/gson/gson/2.8.6/gson-2.8.6.jar:/home/dastan/.m2/repository/org/apache/commons/commons-lang3/3.12.0/commons-lang3-3.12.0.jar:/home/dastan/.m2/repository/org/apache/httpcomponents/client5/httpclient5/5.0.3/httpclient5-5.0.3.jar:/home/dastan/.m2/repository/org/apache/httpcomponents/core5/httpcore5/5.0.2/httpcore5-5.0.2.jar:/home/dastan/.m2/repository/org/apache/httpcomponents/core5/httpcore5-h2/5.0.2/httpcore5-h2-5.0.2.jar:/home/dastan/.m2/repository/commons-codec/commons-codec/1.13/commons-codec-1.13.jar:/home/dastan/.m2/repository/org/rauschig/jarchivelib/1.1.0/jarchivelib-1.1.0.jar:/home/dastan/.m2/repository/org/apache/commons/commons-compress/1.20/commons-compress-1.20.jar:/home/dastan/.m2/repository/org/jsoup/jsoup/1.13.1/jsoup-1.13.1.jar:/home/dastan/.m2/repository/com/beust/jcommander/1.81/jcommander-1.81.jar:/home/dastan/.m2/repository/org/webjars/bower/jquery/3.5.1/jquery-3.5.1.jar:/home/dastan/.m2/repository/org/apache/maven/surefire/surefire-testng-utils/2.22.0/surefire-testng-utils-2.22.0.jar:/home/dastan/.m2/repository/org/apache/maven/surefire/surefire-grouper/2.22.0/surefire-grouper-2.22.0.jar:"/>
    <property name="sun.cpu.endian" value="little"/>
    <property name="user.home" value="/home/dastan"/>
    <property name="user.language" value="en"/>
    <property name="java.specification.vendor" value="Oracle Corporation"/>
    <property name="java.home" value="/home/dastan/.jenkins/tools/hudson.model.JDK/jre"/>
    <property name="basedir" value="/home/dastan/eclipse-workspace/TestNGProject"/>
    <property name="file.separator" value="/"/>
    <property name="line.separator" value="&#10;"/>
    <property name="java.vm.specification.vendor" value="Oracle Corporation"/>
    <property name="java.specification.name" value="Java Platform API Specification"/>
    <property name="java.awt.graphicsenv" value="sun.awt.X11GraphicsEnvironment"/>
    <property name="surefire.real.class.path" value="/home/dastan/eclipse-workspace/TestNGProject/target/surefire/surefirebooter2761291186324835400.jar"/>
    <property name="sun.boot.class.path" value="/home/dastan/.jenkins/tools/hudson.model.JDK/jre/lib/resources.jar:/home/dastan/.jenkins/tools/hudson.model.JDK/jre/lib/rt.jar:/home/dastan/.jenkins/tools/hudson.model.JDK/jre/lib/sunrsasign.jar:/home/dastan/.jenkins/tools/hudson.model.JDK/jre/lib/jsse.jar:/home/dastan/.jenkins/tools/hudson.model.JDK/jre/lib/jce.jar:/home/dastan/.jenkins/tools/hudson.model.JDK/jre/lib/charsets.jar:/home/dastan/.jenkins/tools/hudson.model.JDK/jre/lib/jfr.jar:/home/dastan/.jenkins/tools/hudson.model.JDK/jre/classes"/>
    <property name="sun.management.compiler" value="HotSpot 64-Bit Tiered Compilers"/>
    <property name="java.runtime.version" value="1.8.0_221-b11"/>
    <property name="user.name" value="dastan"/>
    <property name="path.separator" value=":"/>
    <property name="os.version" value="5.13.0-41-generic"/>
    <property name="java.endorsed.dirs" value="/home/dastan/.jenkins/tools/hudson.model.JDK/jre/lib/endorsed"/>
    <property name="java.runtime.name" value="Java(TM) SE Runtime Environment"/>
    <property name="file.encoding" value="UTF-8"/>
    <property name="java.vm.name" value="Java HotSpot(TM) 64-Bit Server VM"/>
    <property name="localRepository" value="/home/dastan/.m2/repository"/>
    <property name="java.vendor.url.bug" value="http://bugreport.sun.com/bugreport/"/>
    <property name="java.io.tmpdir" value="/tmp"/>
    <property name="java.version" value="1.8.0_221"/>
    <property name="user.dir" value="/home/dastan/eclipse-workspace/TestNGProject"/>
    <property name="os.arch" value="amd64"/>
    <property name="java.vm.specification.name" value="Java Virtual Machine Specification"/>
    <property name="java.awt.printerjob" value="sun.print.PSPrinterJob"/>
    <property name="sun.os.patch.level" value="unknown"/>
    <property name="java.library.path" value="/usr/java/packages/lib/amd64:/usr/lib64:/lib64:/lib:/usr/lib"/>
    <property name="java.vm.info" value="mixed mode"/>
    <property name="java.vendor" value="Oracle Corporation"/>
    <property name="java.vm.version" value="25.221-b11"/>
    <property name="java.ext.dirs" value="/home/dastan/.jenkins/tools/hudson.model.JDK/jre/lib/ext:/usr/java/packages/lib/ext"/>
    <property name="sun.io.unicode.encoding" value="UnicodeLittle"/>
    <property name="java.class.version" value="52.0"/>
  </properties>
  <testcase name="googleTitleTest" classname="com.test.GoogleTest" time="0.008"/>
  <testcase name="googleLogoTest" classname="com.test.GoogleTest" time="0.069"/>
  <testcase name="mailLinkTest" classname="com.test.GoogleTest" time="0.048"/>
  <testcase name="test1" classname="com.test.GoogleTest" time="0"/>
  <testcase name="test2" classname="com.test.GoogleTest" time="0"/>
  <testcase name="test3" classname="com.test.GoogleTest" time="0"/>
  <testcase name="googleTitleTest" classname="com.test.GoogleTitleTest" time="0.009"/>
  <testcase name="googleLogoTest" classname="com.test.GoogleTitleTest" time="0.121"/>
  <testcase name="test1" classname="com.test.ExceptionTimeOutTest" time="0"/>
  <testcase name="sum" classname="com.test.InvocationCountTest" time="0"/>
  <testcase name="sum" classname="com.test.InvocationCountTest" time="0.001"/>
  <testcase name="sum" classname="com.test.InvocationCountTest" time="0"/>
  <testcase name="sum" classname="com.test.InvocationCountTest" time="0"/>
  <testcase name="sum" classname="com.test.InvocationCountTest" time="0"/>
  <testcase name="sum" classname="com.test.InvocationCountTest" time="0.001"/>
  <testcase name="sum" classname="com.test.InvocationCountTest" time="0"/>
  <testcase name="sum" classname="com.test.InvocationCountTest" time="0"/>
  <testcase name="sum" classname="com.test.InvocationCountTest" time="0"/>
  <testcase name="sum" classname="com.test.InvocationCountTest" time="0"/>
  <testcase name="googleTitleTest" classname="com.test.TestNGBasics" time="0.001"/>
  <testcase name="searchTest" classname="com.test.TestNGBasics" time="0"/>
  <testcase name="loginTest" classname="com.test.TestNGFeatures" time="0"/>
  <testcase name="homePageTest" classname="com.test.TestNGFeatures" time="0"/>
</testsuite>