<?xml version="1.0" encoding="UTF-8"?>
<!-- Generated by org.testng.reporters.JUnitReportReporter -->
<testsuite hostname="hazel" failures="0" tests="1" name="com.test.ExceptionTimeOutTest" time="0.001" errors="0" timestamp="2022-05-19T16:12:52 CDT" skipped="0">
  <testcase classname="com.test.ExceptionTimeOutTest" name="test1" time="0.001"/>
  <system-out/>
</testsuite> <!-- com.test.ExceptionTimeOutTest -->
