<?xml version="1.0" encoding="UTF-8"?>
<!-- Generated by org.testng.reporters.JUnitReportReporter -->
<testsuite hostname="hazel" failures="0" tests="2" name="com.test.TestNGBasics" time="0.004" errors="0" timestamp="2022-05-19T16:12:52 CDT" skipped="0">
  <testcase classname="com.test.TestNGBasics" name="searchTest" time="0.003"/>
  <system-out/>
  <testcase classname="com.test.TestNGBasics" name="googleTitleTest" time="0.001"/>
  <system-out/>
</testsuite> <!-- com.test.TestNGBasics -->
