<?xml version="1.0" encoding="UTF-8"?>
<!-- Generated by org.testng.reporters.JUnitReportReporter -->
<testsuite hostname="hazel" failures="0" tests="2" name="com.test.GoogleTitleTest" time="3.202" errors="0" timestamp="2022-05-19T16:12:52 CDT" skipped="0">
  <testcase classname="com.test.GoogleTitleTest" name="googleTitleTest" time="1.634"/>
  <system-out/>
  <testcase classname="com.test.GoogleTitleTest" name="googleLogoTest" time="1.568"/>
  <system-out/>
</testsuite> <!-- com.test.GoogleTitleTest -->
