<?xml version="1.0" encoding="UTF-8"?>
<!-- Generated by org.testng.reporters.JUnitReportReporter -->
<testsuite hostname="hazel" failures="0" tests="2" name="com.test.TestNGFeatures" time="0.001" errors="0" timestamp="2022-05-19T16:12:52 CDT" skipped="0">
  <testcase classname="com.test.TestNGFeatures" name="homePageTest" time="0.001"/>
  <system-out/>
  <testcase classname="com.test.TestNGFeatures" name="loginTest" time="0.000"/>
  <system-out/>
</testsuite> <!-- com.test.TestNGFeatures -->
