<?xml version="1.0" encoding="UTF-8"?>
<!-- Generated by org.testng.reporters.JUnitReportReporter -->
<testsuite hostname="hazel" failures="0" tests="6" name="com.test.GoogleTest" time="10.942" errors="0" timestamp="2022-05-19T16:12:52 CDT" skipped="0">
  <testcase classname="com.test.GoogleTest" name="googleTitleTest" time="1.703"/>
  <system-out/>
  <testcase classname="com.test.GoogleTest" name="googleLogoTest" time="1.706"/>
  <system-out/>
  <testcase classname="com.test.GoogleTest" name="mailLinkTest" time="1.714"/>
  <system-out/>
  <testcase classname="com.test.GoogleTest" name="test1" time="1.635"/>
  <system-out/>
  <testcase classname="com.test.GoogleTest" name="test2" time="2.532"/>
  <system-out/>
  <testcase classname="com.test.GoogleTest" name="test3" time="1.652"/>
  <system-out/>
</testsuite> <!-- com.test.GoogleTest -->
