<?xml version="1.0" encoding="UTF-8"?>
<!-- Generated by org.testng.reporters.JUnitReportReporter -->
<testsuite skipped="0" hostname="hazel" name="com.test.ExceptionTimeOutTest" tests="1" failures="0" timestamp="2022-05-20T16:19:43 CDT" time="0.001" errors="0">
  <testcase name="test1" time="0.001" classname="com.test.ExceptionTimeOutTest"/>
  <system-out/>
</testsuite> <!-- com.test.ExceptionTimeOutTest -->
