<?xml version="1.0" encoding="UTF-8"?>
<!-- Generated by org.testng.reporters.JUnitReportReporter -->
<testsuite skipped="0" hostname="hazel" name="com.test.GoogleTest" tests="6" failures="0" timestamp="2022-05-20T16:19:43 CDT" time="12.562" errors="0">
  <testcase name="googleTitleTest" time="2.384" classname="com.test.GoogleTest"/>
  <system-out/>
  <testcase name="googleLogoTest" time="1.901" classname="com.test.GoogleTest"/>
  <system-out/>
  <testcase name="mailLinkTest" time="1.864" classname="com.test.GoogleTest"/>
  <system-out/>
  <testcase name="test1" time="1.971" classname="com.test.GoogleTest"/>
  <system-out/>
  <testcase name="test2" time="1.767" classname="com.test.GoogleTest"/>
  <system-out/>
  <testcase name="test3" time="2.675" classname="com.test.GoogleTest"/>
  <system-out/>
</testsuite> <!-- com.test.GoogleTest -->
