<?xml version="1.0" encoding="UTF-8"?>
<!-- Generated by org.testng.reporters.JUnitReportReporter -->
<testsuite skipped="0" hostname="hazel" name="com.test.GoogleTitleTest" tests="2" failures="0" timestamp="2022-05-20T16:19:43 CDT" time="3.800" errors="0">
  <testcase name="googleTitleTest" time="1.831" classname="com.test.GoogleTitleTest"/>
  <system-out/>
  <testcase name="googleLogoTest" time="1.969" classname="com.test.GoogleTitleTest"/>
  <system-out/>
</testsuite> <!-- com.test.GoogleTitleTest -->
